\BOOKMARK [-1][-]{part.1}{I Acknowledgments}{}% 1
\BOOKMARK [-1][-]{part.2}{II Introduction}{}% 2
\BOOKMARK [0][-]{chapter.1}{Introduction}{part.2}% 3
\BOOKMARK [0][-]{chapter.2}{Motivation}{part.2}% 4
\BOOKMARK [0][-]{chapter.3}{Goals and Objectives}{part.2}% 5
\BOOKMARK [0][-]{chapter.4}{Approach}{part.2}% 6
\BOOKMARK [0][-]{chapter.5}{Thesis structure}{part.2}% 7
\BOOKMARK [-1][-]{part.3}{III Background: Sonic Sketching}{}% 8
\BOOKMARK [0][-]{chapter.6}{Introduction}{part.3}% 9
\BOOKMARK [0][-]{chapter.7}{Dominant DAW metaphors}{part.3}% 10
\BOOKMARK [1][-]{section.7.1}{Multi-track tape recorder}{chapter.7}% 11
\BOOKMARK [1][-]{section.7.2}{Multi channel mixing desk}{chapter.7}% 12
\BOOKMARK [1][-]{section.7.3}{Outboard effects unit}{chapter.7}% 13
\BOOKMARK [1][-]{section.7.4}{The piano roll}{chapter.7}% 14
\BOOKMARK [0][-]{chapter.8}{A compositional example}{part.3}% 15
\BOOKMARK [1][-]{section.8.1}{Realization in a DAW}{chapter.8}% 16
\BOOKMARK [1][-]{section.8.2}{Realisation in code}{chapter.8}% 17
\BOOKMARK [0][-]{chapter.9}{Sketching as an alternative metaphor}{part.3}% 18
\BOOKMARK [1][-]{section.9.1}{Oramics}{chapter.9}% 19
\BOOKMARK [1][-]{section.9.2}{UPIC}{chapter.9}% 20
\BOOKMARK [1][-]{section.9.3}{A Golan Levin's AVES}{chapter.9}% 21
\BOOKMARK [1][-]{section.9.4}{William Coleman's sonicPainter}{chapter.9}% 22
\BOOKMARK [0][-]{chapter.10}{Conclusion}{part.3}% 23
\BOOKMARK [-1][-]{part.4}{IV Methodology}{}% 24
\BOOKMARK [0][-]{chapter.11}{Introduction}{part.4}% 25
\BOOKMARK [0][-]{chapter.12}{Assessment of SonicPainter}{part.4}% 26
\BOOKMARK [1][-]{section.12.1}{Usability issues}{chapter.12}% 27
\BOOKMARK [1][-]{section.12.2}{Issues with audio visual connection}{chapter.12}% 28
\BOOKMARK [1][-]{section.12.3}{Invalid states}{chapter.12}% 29
\BOOKMARK [1][-]{section.12.4}{Linear representation of frequency}{chapter.12}% 30
\BOOKMARK [0][-]{chapter.13}{Technical approach}{part.4}% 31
\BOOKMARK [1][-]{section.13.1}{Audio in the modern Web Browser}{chapter.13}% 32
\BOOKMARK [1][-]{section.13.2}{Tone.js}{chapter.13}% 33
\BOOKMARK [1][-]{section.13.3}{Paper.js}{chapter.13}% 34
\BOOKMARK [1][-]{section.13.4}{React framework}{chapter.13}% 35
\BOOKMARK [1][-]{section.13.5}{Clojurescript}{chapter.13}% 36
\BOOKMARK [1][-]{section.13.6}{Reagent \046 Re-frame}{chapter.13}% 37
\BOOKMARK [0][-]{chapter.14}{Conclusion}{part.4}% 38
\BOOKMARK [-1][-]{part.5}{V Execution}{}% 39
\BOOKMARK [0][-]{chapter.15}{Introduction}{part.5}% 40
\BOOKMARK [0][-]{chapter.16}{Early prototype work}{part.5}% 41
\BOOKMARK [1][-]{section.16.1}{MelodyPainter}{chapter.16}% 42
\BOOKMARK [1][-]{section.16.2}{SonicShaper}{chapter.16}% 43
\BOOKMARK [1][-]{section.16.3}{Web version of William Coleman's SonicPainter}{chapter.16}% 44
\BOOKMARK [0][-]{chapter.17}{Setting up the architecture}{part.5}% 45
\BOOKMARK [1][-]{section.17.1}{Clojurescript and javascript npm modules}{chapter.17}% 46
\BOOKMARK [1][-]{section.17.2}{Paper.js and React \(Paper.js bindings\)}{chapter.17}% 47
\BOOKMARK [1][-]{section.17.3}{Tone.js and React}{chapter.17}% 48
\BOOKMARK [1][-]{section.17.4}{Reagent and React paper.js bindings}{chapter.17}% 49
\BOOKMARK [0][-]{chapter.18}{Core functionality - sketching notes}{part.5}% 50
\BOOKMARK [1][-]{section.18.1}{Adding notes}{chapter.18}% 51
\BOOKMARK [1][-]{section.18.2}{Editing notes}{chapter.18}% 52
\BOOKMARK [0][-]{chapter.19}{Secondary functionality}{part.5}% 53
\BOOKMARK [0][-]{chapter.20}{Conclusion}{part.5}% 54
\BOOKMARK [-1][-]{part.6}{VI Evaluation}{}% 55
\BOOKMARK [0][-]{chapter.21}{Introduction}{part.6}% 56
\BOOKMARK [0][-]{chapter.22}{Assessment}{part.6}% 57
\BOOKMARK [1][-]{section.22.1}{System architecture}{chapter.22}% 58
\BOOKMARK [1][-]{section.22.2}{Core functionality - sketching notes}{chapter.22}% 59
\BOOKMARK [1][-]{section.22.3}{Timbre selection}{chapter.22}% 60
\BOOKMARK [1][-]{section.22.4}{Vibrato}{chapter.22}% 61
\BOOKMARK [1][-]{section.22.5}{Other tools}{chapter.22}% 62
\BOOKMARK [1][-]{section.22.6}{Performance issues}{chapter.22}% 63
\BOOKMARK [0][-]{chapter.23}{User testing and feedback}{part.6}% 64
\BOOKMARK [1][-]{section.23.1}{Usability questionnaire}{chapter.23}% 65
\BOOKMARK [1][-]{section.23.2}{General feedback}{chapter.23}% 66
\BOOKMARK [0][-]{chapter.24}{Conclusion}{part.6}% 67
\BOOKMARK [-1][-]{part.7}{VII Conclusion and further work}{}% 68
\BOOKMARK [0][-]{chapter.25}{Future work}{part.7}% 69
\BOOKMARK [-1][-]{part.8}{VIII Appendices}{}% 70
\BOOKMARK [0][-]{chapter.26}{Appendix A - SUS Questionnaire}{part.8}% 71
\BOOKMARK [-1][-]{part.9}{IX Bibliography}{}% 72
